<html>
<head>
<title>TestNG:  TestRunner-Firefox</title>
<link href="../testng.css" rel="stylesheet" type="text/css" />
<link href="../my-testng.css" rel="stylesheet" type="text/css" />

<style type="text/css">
.log { display: none;} 
.stack-trace { display: none;} 
</style>
<script type="text/javascript">
<!--
function flip(e) {
  current = e.style.display;
  if (current == 'block') {
    e.style.display = 'none';
    return 0;
  }
  else {
    e.style.display = 'block';
    return 1;
  }
}

function toggleBox(szDivId, elem, msg1, msg2)
{
  var res = -1;  if (document.getElementById) {
    res = flip(document.getElementById(szDivId));
  }
  else if (document.all) {
    // this is the way old msie versions work
    res = flip(document.all[szDivId]);
  }
  if(elem) {
    if(res == 0) elem.innerHTML = msg1; else elem.innerHTML = msg2;
  }

}

function toggleAllBoxes() {
  if (document.getElementsByTagName) {
    d = document.getElementsByTagName('div');
    for (i = 0; i < d.length; i++) {
      if (d[i].className == 'log') {
        flip(d[i]);
      }
    }
  }
}

// -->
</script>

</head>
<body>
<h2 align='center'>TestRunner-Firefox</h2><table border='1' align="center">
<tr>
<td>Tests passed/Failed/Skipped:</td><td>5/1/0</td>
</tr><tr>
<td>Started on:</td><td>Tue Feb 25 15:47:32 IST 2025</td>
</tr>
<tr><td>Total time:</td><td>198 seconds (198312 ms)</td>
</tr><tr>
<td>Included groups:</td><td></td>
</tr><tr>
<td>Excluded groups:</td><td></td>
</tr>
</table><p/>
<small><i>(Hover the method name to see the test class name)</i></small><p/>
<table width='100%' border='1' class='invocation-failed'>
<tr><td colspan='4' align='center'><b>FAILED TESTS</b></td></tr>
<tr><td><b>Test method</b></td>
<td width="30%"><b>Exception</b></td>
<td width="10%"><b>Time (seconds)</b></td>
<td><b>Instance</b></td>
</tr>
<tr>
<td title='com.crmweb.contact_test.V_Tigor_Cont_module_Casess_test.createContact_withName_test()'><b>createContact_withName_test</b><br>Test class: com.crmweb.contact_test.V_Tigor_Cont_module_Casess_test</td>
<td><div><pre>java.lang.AssertionError: The following asserts failed:
	expected [true] but found [false]
	at com.crmweb.contact_test.V_Tigor_Cont_module_Casess_test.createContact_withName_test(V_Tigor_Cont_module_Casess_test.java:48)
	at java.base/java.util.ArrayList.forEach(ArrayList.java:1597)
	at java.base/java.util.concurrent.FutureTask.run(FutureTask.java:317)
	at java.base/java.util.concurrent.ThreadPoolExecutor.runWorker(ThreadPoolExecutor.java:1144)
	at java.base/java.util.concurrent.ThreadPoolExecutor$Worker.run(ThreadPoolExecutor.java:642)
	at java.base/java.lang.Thread.run(Thread.java:1575)
... Removed 18 stack frames</pre></div><a href='#' onClick='toggleBox("stack-trace932375556", this, "Click to show all stack frames", "Click to hide stack frames")'>Click to show all stack frames</a>
<div class='stack-trace' id='stack-trace932375556'><pre>java.lang.AssertionError: The following asserts failed:
	expected [true] but found [false]
	at org.testng.asserts.SoftAssert.assertAll(SoftAssert.java:46)
	at org.testng.asserts.SoftAssert.assertAll(SoftAssert.java:30)
	at com.crmweb.contact_test.V_Tigor_Cont_module_Casess_test.createContact_withName_test(V_Tigor_Cont_module_Casess_test.java:48)
	at java.base/jdk.internal.reflect.DirectMethodHandleAccessor.invoke(DirectMethodHandleAccessor.java:103)
	at java.base/java.lang.reflect.Method.invoke(Method.java:580)
	at org.testng.internal.invokers.MethodInvocationHelper.invokeMethod(MethodInvocationHelper.java:136)
	at org.testng.internal.invokers.TestInvoker.invokeMethod(TestInvoker.java:658)
	at org.testng.internal.invokers.TestInvoker.invokeTestMethod(TestInvoker.java:219)
	at org.testng.internal.invokers.MethodRunner.runInSequence(MethodRunner.java:50)
	at org.testng.internal.invokers.TestInvoker$MethodInvocationAgent.invoke(TestInvoker.java:923)
	at org.testng.internal.invokers.TestInvoker.invokeTestMethods(TestInvoker.java:192)
	at org.testng.internal.invokers.TestMethodWorker.invokeTestMethods(TestMethodWorker.java:146)
	at org.testng.internal.invokers.TestMethodWorker.run(TestMethodWorker.java:128)
	at java.base/java.util.ArrayList.forEach(ArrayList.java:1597)
	at org.testng.TestRunner.privateRun(TestRunner.java:808)
	at org.testng.TestRunner.run(TestRunner.java:603)
	at org.testng.SuiteRunner.runTest(SuiteRunner.java:429)
	at org.testng.SuiteRunner.access$000(SuiteRunner.java:32)
	at org.testng.SuiteRunner$SuiteWorker.run(SuiteRunner.java:467)
	at org.testng.internal.thread.ThreadUtil.lambda$execute$0(ThreadUtil.java:58)
	at java.base/java.util.concurrent.FutureTask.run(FutureTask.java:317)
	at java.base/java.util.concurrent.ThreadPoolExecutor.runWorker(ThreadPoolExecutor.java:1144)
	at java.base/java.util.concurrent.ThreadPoolExecutor$Worker.run(ThreadPoolExecutor.java:642)
	at java.base/java.lang.Thread.run(Thread.java:1575)
</pre></div></td>
<td>7</td>
<td>com.crmweb.contact_test.V_Tigor_Cont_module_Casess_test@1f2586d6</td></tr>
</table><p>
<table width='100%' border='1' class='invocation-passed'>
<tr><td colspan='4' align='center'><b>PASSED TESTS</b></td></tr>
<tr><td><b>Test method</b></td>
<td width="30%"><b>Exception</b></td>
<td width="10%"><b>Time (seconds)</b></td>
<td><b>Instance</b></td>
</tr>
<tr>
<td title='com.crmweb.org_test.V_Tigor_Org_module_Casess_test.createOrg_withindustry_test()'><b>createOrg_withindustry_test</b><br>Test class: com.crmweb.org_test.V_Tigor_Org_module_Casess_test</td>
<td></td>
<td>6</td>
<td>com.crmweb.org_test.V_Tigor_Org_module_Casess_test@7dcf94f8</td></tr>
<tr>
<td title='com.crmweb.org_test.V_Tigor_Org_module_Casess_test.createOrg_with_phoneNumber_test()'><b>createOrg_with_phoneNumber_test</b><br>Test class: com.crmweb.org_test.V_Tigor_Org_module_Casess_test</td>
<td></td>
<td>6</td>
<td>com.crmweb.org_test.V_Tigor_Org_module_Casess_test@7dcf94f8</td></tr>
<tr>
<td title='com.crmweb.org_test.V_Tigor_Org_module_Casess_test.createOrg_test()'><b>createOrg_test</b><br>Test class: com.crmweb.org_test.V_Tigor_Org_module_Casess_test</td>
<td></td>
<td>7</td>
<td>com.crmweb.org_test.V_Tigor_Org_module_Casess_test@7dcf94f8</td></tr>
<tr>
<td title='com.crmweb.contact_test.V_Tigor_Cont_module_Casess_test.verifyContactIntegrationTest()'><b>verifyContactIntegrationTest</b><br>Test class: com.crmweb.contact_test.V_Tigor_Cont_module_Casess_test</td>
<td></td>
<td>14</td>
<td>com.crmweb.contact_test.V_Tigor_Cont_module_Casess_test@1f2586d6</td></tr>
<tr>
<td title='com.crmweb.contact_test.V_Tigor_Cont_module_Casess_test.createContact_withDate_test()'><b>createContact_withDate_test</b><br>Test class: com.crmweb.contact_test.V_Tigor_Cont_module_Casess_test</td>
<td></td>
<td>8</td>
<td>com.crmweb.contact_test.V_Tigor_Cont_module_Casess_test@1f2586d6</td></tr>
</table><p>
</body>
</html>